<?xml version="1.0" encoding="UTF-8"?>
<!-- Generated by org.testng.reporters.JUnitReportReporter -->
<testsuite hostname="Rashda-PC" name="ContactTest" tests="1" failures="0" timestamp="18 Aug 2017 07:58:18 GMT" time="86.963" errors="0">
  <testcase name="createContactTest" time="86.963" classname="ContactTest"/>
</testsuite> <!-- ContactTest -->
