<?xml version="1.0" encoding="UTF-8"?>
<!-- Generated by org.testng.reporters.JUnitReportReporter -->
<testsuite hostname="Rashda-PC" name="com.endToEndTest.EndToEndTest" tests="1" failures="0" timestamp="13 Aug 2018 19:48:31 GMT" time="99.905" errors="0">
  <testcase name="createContactTest" time="99.905" classname="com.endToEndTest.EndToEndTest"/>
</testsuite> <!-- com.endToEndTest.EndToEndTest -->
