<?xml version="1.0" encoding="UTF-8"?>
<!-- Generated by org.testng.reporters.JUnitReportReporter -->
<testsuite hostname="Rashda-PC" name="com.endToEndTest.EndToEndTest" tests="1" failures="0" timestamp="14 Aug 2018 00:30:10 GMT" time="183.558" errors="0">
  <testcase name="createContactTest" time="183.558" classname="com.endToEndTest.EndToEndTest"/>
</testsuite> <!-- com.endToEndTest.EndToEndTest -->
